<?xml version="1.0" encoding="UTF-8"?>
<testng-results skipped="0" failed="0" ignored="0" total="1" passed="1">
  <reporter-output>
  </reporter-output>
  <suite name="Suite" duration-ms="46695" started-at="2023-01-02T20:06:56 IST" finished-at="2023-01-02T20:07:42 IST">
    <groups>
    </groups>
    <test name="Test2" duration-ms="46695" started-at="2023-01-02T20:06:56 IST" finished-at="2023-01-02T20:07:42 IST">
      <class name="mavenforjenkins.UITest">
        <test-method status="PASS" signature="startBrowser()[pri:0, instance:mavenforjenkins.UITest@5abca1e0]" name="startBrowser" duration-ms="46628" started-at="2023-01-02T20:06:56 IST" finished-at="2023-01-02T20:07:42 IST">
          <reporter-output>
          </reporter-output>
        </test-method> <!-- startBrowser -->
      </class> <!-- mavenforjenkins.UITest -->
    </test> <!-- Test2 -->
  </suite> <!-- Suite -->
</testng-results>
